<?xml version="1.0" encoding="UTF-8"?>
<!-- Generated by org.testng.reporters.JUnitReportReporter -->
<testsuite skipped="0" hostname="DESKTOP-8G3MUB9" name="Tests.Tests" tests="2" failures="0" timestamp="2021-04-28T17:23:43 IST" time="16.911" errors="0">
  <testcase name="launch" time="8.355" classname="Tests.Tests"/>
  <system-out/>
  <testcase name="validateSelectDropDown" time="8.556" classname="Tests.Tests"/>
  <system-out>
actualValues of dropdown[---Your Name---, Hermoine Granger, Harry Potter, Ron Weasly, Albus Dumbledore, Neville Longbottom] Expectedvalues of dropdown[---Your Name---, Hermoine Granger, Harry Potter, Ron Weasly, Albus Dumbledore, Neville Longbottom]  </system-out>
</testsuite> <!-- Tests.Tests -->
